INFO:root:batch_size = 8
INFO:root:device = cuda
INFO:root:epoch = 5
INFO:root:eval_interval = 5
INFO:root:image_size = 224
INFO:root:k_clusters = 20
INFO:root:k_shot = 10
INFO:root:learning_rate = 0.0001
INFO:root:mode = few_shot
INFO:root:model = ViT-B-16
INFO:root:prompting_branch = VL
INFO:root:prompting_depth = 3
INFO:root:prompting_length = 2
INFO:root:prompting_type = SD
INFO:root:save_fig = False
INFO:root:save_interval = 20
INFO:root:save_path = ./workspaces/bondsam_exp_820
INFO:root:training_data = mvtec
INFO:root:use_fastsam = True
INFO:root:use_hsf = True
INFO:root:use_memory_bank = True
INFO:root:Loading training data...
INFO:root:Training data loaded. Classes: ['bottle', 'cable', 'capsule', 'carpet', 'grid', 'hazelnut', 'leather', 'metal_nut', 'pill', 'screw', 'tile', 'toothbrush', 'transistor', 'wood', 'zipper'], Total samples: 1725
INFO:root:Starting to build Memory Bank for few-shot anomaly detection...
INFO:root:Building Memory Bank with k_shot=10
INFO:root:Memory Bank built with 15 classes
INFO:root:Loading test data...
INFO:root:Test data loaded. Classes: ['bottle', 'cable', 'capsule', 'carpet', 'grid', 'hazelnut', 'leather', 'metal_nut', 'pill', 'screw', 'tile', 'toothbrush', 'transistor', 'wood', 'zipper'], Total samples: 1725
INFO:root:Starting training loop...
INFO:root:Starting epoch 1/5
INFO:root:Evaluating at epoch 0
INFO:root:Epoch [0/5], Train Loss: 6.3237
INFO:root:        Average 		I-Auroc:0.00 	I-F1:0.00 	I-AP:0.00 	P-Auroc:0.00 	P-F1:0.00 	P-AP:0.00
INFO:root:All class metrics are currently 0.00 - this is normal in early training stages.
INFO:root:Starting epoch 2/5
INFO:root:Evaluating at epoch 1
INFO:root:Epoch [1/5], Train Loss: 6.3028
INFO:root:        Average 		I-Auroc:0.00 	I-F1:0.00 	I-AP:0.00 	P-Auroc:0.00 	P-F1:0.00 	P-AP:0.00
INFO:root:All class metrics are currently 0.00 - this is normal in early training stages.
INFO:root:Starting epoch 3/5
INFO:root:Evaluating at epoch 2
INFO:root:Epoch [2/5], Train Loss: 6.3059
INFO:root:        Average 		I-Auroc:0.00 	I-F1:0.00 	I-AP:0.00 	P-Auroc:0.00 	P-F1:0.00 	P-AP:0.00
INFO:root:All class metrics are currently 0.00 - this is normal in early training stages.
INFO:root:Starting epoch 4/5
INFO:root:Evaluating at epoch 3
INFO:root:Epoch [3/5], Train Loss: 6.2963
INFO:root:        Average 		I-Auroc:0.00 	I-F1:0.00 	I-AP:0.00 	P-Auroc:0.00 	P-F1:0.00 	P-AP:0.00
INFO:root:All class metrics are currently 0.00 - this is normal in early training stages.
INFO:root:Starting epoch 5/5
INFO:root:Evaluating at epoch 4
INFO:root:Epoch [4/5], Train Loss: 6.2936
INFO:root:        Average 		I-Auroc:0.00 	I-F1:0.00 	I-AP:0.00 	P-Auroc:0.00 	P-F1:0.00 	P-AP:0.00
INFO:root:All class metrics are currently 0.00 - this is normal in early training stages.
INFO:root:Training completed.
INFO:root:Best metrics achieved - Image AUROC: 0.00, Pixel AUROC: 0.00
